<?xml version="1.0" encoding="UTF-8"?>
<testsuite xmlns:xsi="http://www.w3.org/2001/XMLSchema-instance" xsi:noNamespaceSchemaLocation="https://maven.apache.org/surefire/maven-surefire-plugin/xsd/surefire-test-report-3.0.xsd" version="3.0" name="project3.server.ThreeCardLogicTest" time="0.174" tests="22" errors="0" skipped="0" failures="0">
  <properties>
[...]
</properties>
  <testcase name="testDealerQualifiesQueen" classname="project3.server.ThreeCardLogicTest" time="0.07"/>
  <testcase name="testCompareRankPlayerWins" classname="project3.server.ThreeCardLogicTest" time="0.003"/>
  <testcase name="testPPFlush" classname="project3.server.ThreeCardLogicTest" time="0.002"/>
  <testcase name="testCompareTie" classname="project3.server.ThreeCardLogicTest" time="0.001"/>
  <testcase name="testCompareSameRankPlayerWins" classname="project3.server.ThreeCardLogicTest" time="0.001"/>
  <testcase name="testCompareRank" classname="project3.server.ThreeCardLogicTest" time="0.001"/>
  <testcase name="testDealerQualifiesAce" classname="project3.server.ThreeCardLogicTest" time="0.001"/>
  <testcase name="testDealerQualifiesWithPair" classname="project3.server.ThreeCardLogicTest" time="0.002"/>
  <testcase name="testEvalHandPair" classname="project3.server.ThreeCardLogicTest" time="0.001"/>
  <testcase name="testEvalHandFlush" classname="project3.server.ThreeCardLogicTest" time="0.001"/>
  <testcase name="testDealerFail" classname="project3.server.ThreeCardLogicTest" time="0.003"/>
  <testcase name="testEvalHandStraightFlush" classname="project3.server.ThreeCardLogicTest" time="0.001"/>
  <testcase name="testEvalHandStraight" classname="project3.server.ThreeCardLogicTest" time="0.003"/>
  <testcase name="testDealerQualifiesKing" classname="project3.server.ThreeCardLogicTest" time="0.001"/>
  <testcase name="testEvalHandThreeOfAKind" classname="project3.server.ThreeCardLogicTest" time="0.001"/>
  <testcase name="testPPThreeOfAKind" classname="project3.server.ThreeCardLogicTest" time="0.002"/>
  <testcase name="testPPLose" classname="project3.server.ThreeCardLogicTest" time="0.001"/>
  <testcase name="testPPPair" classname="project3.server.ThreeCardLogicTest" time="0.002"/>
  <testcase name="testPPStraightFlush" classname="project3.server.ThreeCardLogicTest" time="0.001"/>
  <testcase name="testEvalHandHighCard" classname="project3.server.ThreeCardLogicTest" time="0.002"/>
  <testcase name="testPPStraight" classname="project3.server.ThreeCardLogicTest" time="0.001"/>
  <testcase name="testCompareSameRankDealerWins" classname="project3.server.ThreeCardLogicTest" time="0.001"/>
</testsuite>